<?xml version="1.0" encoding="UTF-8"?>
<testsuite name="com.naiofy.albums_shop.RegistrationRunner" tests="0" skipped="0" failures="0" errors="0" timestamp="1970-01-01T00:00:00" hostname="PSOFKA0172" time="0.0">
  <properties/>
  <system-out><![CDATA[REGISTER BASE STEP LISTENER net.thucydides.core.steps.BaseStepListener@f57e52a
22:54:09.648 [Test worker] INFO  n.t.c.steps.ConsoleLoggingListener - Test Suite Started: Sign in Naiofy album shop
22:54:22.593 [Test worker] WARN  n.t.core.steps.BaseStepListener - testFinished: Create a regular user:Given I have the data of an user to register on the platform [Generate data for new user], When I consume the web service to register a regular user on the platform [Register a regular user into the platform [POST https://nodejs-qa-training.herokuapp.com/users]], Then the web service to register a new user responses successfully [Verify that API response is 201], And the user will be created on the platform [Login an user into the platform [Login user [POST https://nodejs-qa-training.herokuapp.com/users/sessions]], Search a specific user into the platform [GET https://nodejs-qa-training.herokuapp.com/users/1213], Verify that API response is 200, Validate the result of search an user]
22:54:22.593 [Test worker] WARN  n.t.core.steps.BaseStepListener - TestOutcomes: [Create a regular user:Given I have the data of an user to register on the platform [Generate data for new user], When I consume the web service to register a regular user on the platform [Register a regular user into the platform [POST https://nodejs-qa-training.herokuapp.com/users]], Then the web service to register a new user responses successfully [Verify that API response is 201], And the user will be created on the platform [Login an user into the platform [Login user [POST https://nodejs-qa-training.herokuapp.com/users/sessions]], Search a specific user into the platform [GET https://nodejs-qa-training.herokuapp.com/users/1213], Verify that API response is 200, Validate the result of search an user]]
22:54:22.593 [Test worker] WARN  n.t.core.steps.BaseStepListener - Final testOutcomes: [Create a regular user:Given I have the data of an user to register on the platform [Generate data for new user], When I consume the web service to register a regular user on the platform [Register a regular user into the platform [POST https://nodejs-qa-training.herokuapp.com/users]], Then the web service to register a new user responses successfully [Verify that API response is 201], And the user will be created on the platform [Login an user into the platform [Login user [POST https://nodejs-qa-training.herokuapp.com/users/sessions]], Search a specific user into the platform [GET https://nodejs-qa-training.herokuapp.com/users/1213], Verify that API response is 200, Validate the result of search an user]]
22:54:22.593 [Test worker] INFO  n.t.c.steps.ConsoleLoggingListener - 
        __    _____ _____ ____ _____   ____   _    ____  ____  _____ ____  
  _     \ \  |_   _| ____/ ___|_   _| |  _ \ / \  / ___|/ ___|| ____|  _ \ 
 (_)_____| |   | | |  _| \___ \ | |   | |_) / _ \ \___ \\___ \|  _| | | | |
  _|_____| |   | | | |___ ___) || |   |  __/ ___ \ ___) |___) | |___| |_| |
 (_)     | |   |_| |_____|____/ |_|   |_| /_/   \_\____/|____/|_____|____/ 
        /_/                                                                

TEST PASSED: Create a regular user
----------------------------------------------------------------------------
22:54:26.945 [Test worker] WARN  n.t.core.steps.BaseStepListener - testFinished: Create a regular user with incorrect email format:Given I have the data of an user with an incorrectly formatted email to register on the platform [Generate data for new user with incorrect format email], When I consume the web service to register a regular user on the platform [Register a regular user into the platform [POST https://nodejs-qa-training.herokuapp.com/users]], Then the web service will respond with a validation error of invalid email [Verify that API response not is 200, Verify that response contains a invalid email error message]
22:54:26.951 [Test worker] WARN  n.t.core.steps.BaseStepListener - TestOutcomes: [Create a regular user:Given I have the data of an user to register on the platform [Generate data for new user], When I consume the web service to register a regular user on the platform [Register a regular user into the platform [POST https://nodejs-qa-training.herokuapp.com/users]], Then the web service to register a new user responses successfully [Verify that API response is 201], And the user will be created on the platform [Login an user into the platform [Login user [POST https://nodejs-qa-training.herokuapp.com/users/sessions]], Search a specific user into the platform [GET https://nodejs-qa-training.herokuapp.com/users/1213], Verify that API response is 200, Validate the result of search an user], Create a regular user with incorrect email format:Given I have the data of an user with an incorrectly formatted email to register on the platform [Generate data for new user with incorrect format email], When I consume the web service to register a regular user on the platform [Register a regular user into the platform [POST https://nodejs-qa-training.herokuapp.com/users]], Then the web service will respond with a validation error of invalid email [Verify that API response not is 200, Verify that response contains a invalid email error message]]
22:54:26.953 [Test worker] WARN  n.t.core.steps.BaseStepListener - Final testOutcomes: [Create a regular user:Given I have the data of an user to register on the platform [Generate data for new user], When I consume the web service to register a regular user on the platform [Register a regular user into the platform [POST https://nodejs-qa-training.herokuapp.com/users]], Then the web service to register a new user responses successfully [Verify that API response is 201], And the user will be created on the platform [Login an user into the platform [Login user [POST https://nodejs-qa-training.herokuapp.com/users/sessions]], Search a specific user into the platform [GET https://nodejs-qa-training.herokuapp.com/users/1213], Verify that API response is 200, Validate the result of search an user], Create a regular user with incorrect email format:Given I have the data of an user with an incorrectly formatted email to register on the platform [Generate data for new user with incorrect format email], When I consume the web service to register a regular user on the platform [Register a regular user into the platform [POST https://nodejs-qa-training.herokuapp.com/users]], Then the web service will respond with a validation error of invalid email [Verify that API response not is 200, Verify that response contains a invalid email error message]]
22:54:26.955 [Test worker] ERROR n.t.c.steps.ConsoleLoggingListener - 
           __  _____ _____ ____ _____   _____ _    ___ _     _____ ____  
  _       / / |_   _| ____/ ___|_   _| |  ___/ \  |_ _| |   | ____|  _ \ 
 (_)_____| |    | | |  _| \___ \ | |   | |_ / _ \  | || |   |  _| | | | |
  _|_____| |    | | | |___ ___) || |   |  _/ ___ \ | || |___| |___| |_| |
 (_)     | |    |_| |_____|____/ |_|   |_|/_/   \_\___|_____|_____|____/ 
          \_\                                                            

TEST FAILED: Create a regular user with incorrect email format
--------------------------------------------------------------------------
22:54:26.956 [Test worker] ERROR n.t.c.steps.ConsoleLoggingListener - TEST FAILED AT STEP Verify that response contains a invalid email error message
22:54:26.957 [Test worker] ERROR n.t.c.steps.ConsoleLoggingListener - expected:<"Invalid email[]"> but was:<"Invalid email[. Password format invalid]">
22:54:31.464 [Test worker] WARN  n.t.core.steps.BaseStepListener - testFinished: Create a regular user with invalid email:Given I have the data of an user with an invalid email to register on the platform [Generate data for new user with invalid format email], When I consume the web service to register a regular user on the platform [Register a regular user into the platform [POST https://nodejs-qa-training.herokuapp.com/users]], Then the web service will respond with a validation error of incorrect domain email [Verify that API response not is 200, Verify non accepted email: net.serenitybdd.rest.decorators.ResponseDecorated@447273d8]
22:54:31.465 [Test worker] WARN  n.t.core.steps.BaseStepListener - TestOutcomes: [Create a regular user:Given I have the data of an user to register on the platform [Generate data for new user], When I consume the web service to register a regular user on the platform [Register a regular user into the platform [POST https://nodejs-qa-training.herokuapp.com/users]], Then the web service to register a new user responses successfully [Verify that API response is 201], And the user will be created on the platform [Login an user into the platform [Login user [POST https://nodejs-qa-training.herokuapp.com/users/sessions]], Search a specific user into the platform [GET https://nodejs-qa-training.herokuapp.com/users/1213], Verify that API response is 200, Validate the result of search an user], Create a regular user with incorrect email format:Given I have the data of an user with an incorrectly formatted email to register on the platform [Generate data for new user with incorrect format email], When I consume the web service to register a regular user on the platform [Register a regular user into the platform [POST https://nodejs-qa-training.herokuapp.com/users]], Then the web service will respond with a validation error of invalid email [Verify that API response not is 200, Verify that response contains a invalid email error message], Create a regular user with invalid email:Given I have the data of an user with an invalid email to register on the platform [Generate data for new user with invalid format email], When I consume the web service to register a regular user on the platform [Register a regular user into the platform [POST https://nodejs-qa-training.herokuapp.com/users]], Then the web service will respond with a validation error of incorrect domain email [Verify that API response not is 200, Verify non accepted email: net.serenitybdd.rest.decorators.ResponseDecorated@447273d8]]
22:54:31.467 [Test worker] WARN  n.t.core.steps.BaseStepListener - Final testOutcomes: [Create a regular user:Given I have the data of an user to register on the platform [Generate data for new user], When I consume the web service to register a regular user on the platform [Register a regular user into the platform [POST https://nodejs-qa-training.herokuapp.com/users]], Then the web service to register a new user responses successfully [Verify that API response is 201], And the user will be created on the platform [Login an user into the platform [Login user [POST https://nodejs-qa-training.herokuapp.com/users/sessions]], Search a specific user into the platform [GET https://nodejs-qa-training.herokuapp.com/users/1213], Verify that API response is 200, Validate the result of search an user], Create a regular user with incorrect email format:Given I have the data of an user with an incorrectly formatted email to register on the platform [Generate data for new user with incorrect format email], When I consume the web service to register a regular user on the platform [Register a regular user into the platform [POST https://nodejs-qa-training.herokuapp.com/users]], Then the web service will respond with a validation error of invalid email [Verify that API response not is 200, Verify that response contains a invalid email error message], Create a regular user with invalid email:Given I have the data of an user with an invalid email to register on the platform [Generate data for new user with invalid format email], When I consume the web service to register a regular user on the platform [Register a regular user into the platform [POST https://nodejs-qa-training.herokuapp.com/users]], Then the web service will respond with a validation error of incorrect domain email [Verify that API response not is 200, Verify non accepted email: net.serenitybdd.rest.decorators.ResponseDecorated@447273d8]]
22:54:31.468 [Test worker] ERROR n.t.c.steps.ConsoleLoggingListener - 
           __  _____ _____ ____ _____   _____ _    ___ _     _____ ____  
  _       / / |_   _| ____/ ___|_   _| |  ___/ \  |_ _| |   | ____|  _ \ 
 (_)_____| |    | | |  _| \___ \ | |   | |_ / _ \  | || |   |  _| | | | |
  _|_____| |    | | | |___ ___) || |   |  _/ ___ \ | || |___| |___| |_| |
 (_)     | |    |_| |_____|____/ |_|   |_|/_/   \_\___|_____|_____|____/ 
          \_\                                                            

TEST FAILED: Create a regular user with invalid email
--------------------------------------------------------------------------
22:54:31.469 [Test worker] ERROR n.t.c.steps.ConsoleLoggingListener - TEST FAILED AT STEP Verify non accepted email: net.serenitybdd.rest.decorators.ResponseDecorated@447273d8
22:54:31.469 [Test worker] ERROR n.t.c.steps.ConsoleLoggingListener - expected:<...ust be @wolox.com.ar[]"> but was:<...ust be @wolox.com.ar[. Password format invalid]">
22:54:34.177 [Test worker] WARN  n.t.core.steps.BaseStepListener - testFinished: Create a regular user with numbers in the firstName:Given I have the data of an user with numbers in the firstName to register on the platform [Generate data for new user with incorrect firstName], When I consume the web service to register a regular user on the platform [Register a regular user into the platform [POST https://nodejs-qa-training.herokuapp.com/users]], Then the web service will respond with a validation error [Verify that API response not is 201]
22:54:34.178 [Test worker] WARN  n.t.core.steps.BaseStepListener - TestOutcomes: [Create a regular user:Given I have the data of an user to register on the platform [Generate data for new user], When I consume the web service to register a regular user on the platform [Register a regular user into the platform [POST https://nodejs-qa-training.herokuapp.com/users]], Then the web service to register a new user responses successfully [Verify that API response is 201], And the user will be created on the platform [Login an user into the platform [Login user [POST https://nodejs-qa-training.herokuapp.com/users/sessions]], Search a specific user into the platform [GET https://nodejs-qa-training.herokuapp.com/users/1213], Verify that API response is 200, Validate the result of search an user], Create a regular user with incorrect email format:Given I have the data of an user with an incorrectly formatted email to register on the platform [Generate data for new user with incorrect format email], When I consume the web service to register a regular user on the platform [Register a regular user into the platform [POST https://nodejs-qa-training.herokuapp.com/users]], Then the web service will respond with a validation error of invalid email [Verify that API response not is 200, Verify that response contains a invalid email error message], Create a regular user with invalid email:Given I have the data of an user with an invalid email to register on the platform [Generate data for new user with invalid format email], When I consume the web service to register a regular user on the platform [Register a regular user into the platform [POST https://nodejs-qa-training.herokuapp.com/users]], Then the web service will respond with a validation error of incorrect domain email [Verify that API response not is 200, Verify non accepted email: net.serenitybdd.rest.decorators.ResponseDecorated@447273d8], Create a regular user with numbers in the firstName:Given I have the data of an user with numbers in the firstName to register on the platform [Generate data for new user with incorrect firstName], When I consume the web service to register a regular user on the platform [Register a regular user into the platform [POST https://nodejs-qa-training.herokuapp.com/users]], Then the web service will respond with a validation error [Verify that API response not is 201]]
22:54:34.181 [Test worker] WARN  n.t.core.steps.BaseStepListener - Final testOutcomes: [Create a regular user:Given I have the data of an user to register on the platform [Generate data for new user], When I consume the web service to register a regular user on the platform [Register a regular user into the platform [POST https://nodejs-qa-training.herokuapp.com/users]], Then the web service to register a new user responses successfully [Verify that API response is 201], And the user will be created on the platform [Login an user into the platform [Login user [POST https://nodejs-qa-training.herokuapp.com/users/sessions]], Search a specific user into the platform [GET https://nodejs-qa-training.herokuapp.com/users/1213], Verify that API response is 200, Validate the result of search an user], Create a regular user with incorrect email format:Given I have the data of an user with an incorrectly formatted email to register on the platform [Generate data for new user with incorrect format email], When I consume the web service to register a regular user on the platform [Register a regular user into the platform [POST https://nodejs-qa-training.herokuapp.com/users]], Then the web service will respond with a validation error of invalid email [Verify that API response not is 200, Verify that response contains a invalid email error message], Create a regular user with invalid email:Given I have the data of an user with an invalid email to register on the platform [Generate data for new user with invalid format email], When I consume the web service to register a regular user on the platform [Register a regular user into the platform [POST https://nodejs-qa-training.herokuapp.com/users]], Then the web service will respond with a validation error of incorrect domain email [Verify that API response not is 200, Verify non accepted email: net.serenitybdd.rest.decorators.ResponseDecorated@447273d8], Create a regular user with numbers in the firstName:Given I have the data of an user with numbers in the firstName to register on the platform [Generate data for new user with incorrect firstName], When I consume the web service to register a regular user on the platform [Register a regular user into the platform [POST https://nodejs-qa-training.herokuapp.com/users]], Then the web service will respond with a validation error [Verify that API response not is 201]]
22:54:34.183 [Test worker] ERROR n.t.c.steps.ConsoleLoggingListener - 
           __  _____ _____ ____ _____   _____ _    ___ _     _____ ____  
  _       / / |_   _| ____/ ___|_   _| |  ___/ \  |_ _| |   | ____|  _ \ 
 (_)_____| |    | | |  _| \___ \ | |   | |_ / _ \  | || |   |  _| | | | |
  _|_____| |    | | | |___ ___) || |   |  _/ ___ \ | || |___| |___| |_| |
 (_)     | |    |_| |_____|____/ |_|   |_|/_/   \_\___|_____|_____|____/ 
          \_\                                                            

TEST FAILED: Create a regular user with numbers in the firstName
--------------------------------------------------------------------------
22:54:34.183 [Test worker] ERROR n.t.c.steps.ConsoleLoggingListener - TEST FAILED AT STEP Verify that API response not is 201
22:54:34.183 [Test worker] ERROR n.t.c.steps.ConsoleLoggingListener - Expecting:  201not to be equal to:  201
22:54:36.695 [Test worker] WARN  n.t.core.steps.BaseStepListener - testFinished: Create a regular user with numbers in the lastName:Given I have the data of an user with numbers in the lastName to register on the platform [Generate data for new user with incorrect lastName], When I consume the web service to register a regular user on the platform [Register a regular user into the platform [POST https://nodejs-qa-training.herokuapp.com/users]], Then the web service will respond with a validation error [Verify that API response not is 201]
22:54:36.695 [Test worker] WARN  n.t.core.steps.BaseStepListener - TestOutcomes: [Create a regular user:Given I have the data of an user to register on the platform [Generate data for new user], When I consume the web service to register a regular user on the platform [Register a regular user into the platform [POST https://nodejs-qa-training.herokuapp.com/users]], Then the web service to register a new user responses successfully [Verify that API response is 201], And the user will be created on the platform [Login an user into the platform [Login user [POST https://nodejs-qa-training.herokuapp.com/users/sessions]], Search a specific user into the platform [GET https://nodejs-qa-training.herokuapp.com/users/1213], Verify that API response is 200, Validate the result of search an user], Create a regular user with incorrect email format:Given I have the data of an user with an incorrectly formatted email to register on the platform [Generate data for new user with incorrect format email], When I consume the web service to register a regular user on the platform [Register a regular user into the platform [POST https://nodejs-qa-training.herokuapp.com/users]], Then the web service will respond with a validation error of invalid email [Verify that API response not is 200, Verify that response contains a invalid email error message], Create a regular user with invalid email:Given I have the data of an user with an invalid email to register on the platform [Generate data for new user with invalid format email], When I consume the web service to register a regular user on the platform [Register a regular user into the platform [POST https://nodejs-qa-training.herokuapp.com/users]], Then the web service will respond with a validation error of incorrect domain email [Verify that API response not is 200, Verify non accepted email: net.serenitybdd.rest.decorators.ResponseDecorated@447273d8], Create a regular user with numbers in the firstName:Given I have the data of an user with numbers in the firstName to register on the platform [Generate data for new user with incorrect firstName], When I consume the web service to register a regular user on the platform [Register a regular user into the platform [POST https://nodejs-qa-training.herokuapp.com/users]], Then the web service will respond with a validation error [Verify that API response not is 201], Create a regular user with numbers in the lastName:Given I have the data of an user with numbers in the lastName to register on the platform [Generate data for new user with incorrect lastName], When I consume the web service to register a regular user on the platform [Register a regular user into the platform [POST https://nodejs-qa-training.herokuapp.com/users]], Then the web service will respond with a validation error [Verify that API response not is 201]]
22:54:36.696 [Test worker] WARN  n.t.core.steps.BaseStepListener - Final testOutcomes: [Create a regular user:Given I have the data of an user to register on the platform [Generate data for new user], When I consume the web service to register a regular user on the platform [Register a regular user into the platform [POST https://nodejs-qa-training.herokuapp.com/users]], Then the web service to register a new user responses successfully [Verify that API response is 201], And the user will be created on the platform [Login an user into the platform [Login user [POST https://nodejs-qa-training.herokuapp.com/users/sessions]], Search a specific user into the platform [GET https://nodejs-qa-training.herokuapp.com/users/1213], Verify that API response is 200, Validate the result of search an user], Create a regular user with incorrect email format:Given I have the data of an user with an incorrectly formatted email to register on the platform [Generate data for new user with incorrect format email], When I consume the web service to register a regular user on the platform [Register a regular user into the platform [POST https://nodejs-qa-training.herokuapp.com/users]], Then the web service will respond with a validation error of invalid email [Verify that API response not is 200, Verify that response contains a invalid email error message], Create a regular user with invalid email:Given I have the data of an user with an invalid email to register on the platform [Generate data for new user with invalid format email], When I consume the web service to register a regular user on the platform [Register a regular user into the platform [POST https://nodejs-qa-training.herokuapp.com/users]], Then the web service will respond with a validation error of incorrect domain email [Verify that API response not is 200, Verify non accepted email: net.serenitybdd.rest.decorators.ResponseDecorated@447273d8], Create a regular user with numbers in the firstName:Given I have the data of an user with numbers in the firstName to register on the platform [Generate data for new user with incorrect firstName], When I consume the web service to register a regular user on the platform [Register a regular user into the platform [POST https://nodejs-qa-training.herokuapp.com/users]], Then the web service will respond with a validation error [Verify that API response not is 201], Create a regular user with numbers in the lastName:Given I have the data of an user with numbers in the lastName to register on the platform [Generate data for new user with incorrect lastName], When I consume the web service to register a regular user on the platform [Register a regular user into the platform [POST https://nodejs-qa-training.herokuapp.com/users]], Then the web service will respond with a validation error [Verify that API response not is 201]]
22:54:36.696 [Test worker] ERROR n.t.c.steps.ConsoleLoggingListener - 
           __  _____ _____ ____ _____   _____ _    ___ _     _____ ____  
  _       / / |_   _| ____/ ___|_   _| |  ___/ \  |_ _| |   | ____|  _ \ 
 (_)_____| |    | | |  _| \___ \ | |   | |_ / _ \  | || |   |  _| | | | |
  _|_____| |    | | | |___ ___) || |   |  _/ ___ \ | || |___| |___| |_| |
 (_)     | |    |_| |_____|____/ |_|   |_|/_/   \_\___|_____|_____|____/ 
          \_\                                                            

TEST FAILED: Create a regular user with numbers in the lastName
--------------------------------------------------------------------------
22:54:36.697 [Test worker] ERROR n.t.c.steps.ConsoleLoggingListener - TEST FAILED AT STEP Verify that API response not is 201
22:54:36.697 [Test worker] ERROR n.t.c.steps.ConsoleLoggingListener - Expecting:  201not to be equal to:  201
22:54:41.504 [Test worker] WARN  n.t.core.steps.BaseStepListener - testFinished: Create a regular user with numbers in the firstName and lastName:Given I have the data of an user with numbers in the firstName and lastName to register on the platform [Generate data for new user with incorrect firstName and lastName], When I consume the web service to register a regular user on the platform [Register a regular user into the platform [POST https://nodejs-qa-training.herokuapp.com/users]], Then the web service will respond with a validation error [Verify that API response not is 201]
22:54:41.505 [Test worker] WARN  n.t.core.steps.BaseStepListener - TestOutcomes: [Create a regular user:Given I have the data of an user to register on the platform [Generate data for new user], When I consume the web service to register a regular user on the platform [Register a regular user into the platform [POST https://nodejs-qa-training.herokuapp.com/users]], Then the web service to register a new user responses successfully [Verify that API response is 201], And the user will be created on the platform [Login an user into the platform [Login user [POST https://nodejs-qa-training.herokuapp.com/users/sessions]], Search a specific user into the platform [GET https://nodejs-qa-training.herokuapp.com/users/1213], Verify that API response is 200, Validate the result of search an user], Create a regular user with incorrect email format:Given I have the data of an user with an incorrectly formatted email to register on the platform [Generate data for new user with incorrect format email], When I consume the web service to register a regular user on the platform [Register a regular user into the platform [POST https://nodejs-qa-training.herokuapp.com/users]], Then the web service will respond with a validation error of invalid email [Verify that API response not is 200, Verify that response contains a invalid email error message], Create a regular user with invalid email:Given I have the data of an user with an invalid email to register on the platform [Generate data for new user with invalid format email], When I consume the web service to register a regular user on the platform [Register a regular user into the platform [POST https://nodejs-qa-training.herokuapp.com/users]], Then the web service will respond with a validation error of incorrect domain email [Verify that API response not is 200, Verify non accepted email: net.serenitybdd.rest.decorators.ResponseDecorated@447273d8], Create a regular user with numbers in the firstName:Given I have the data of an user with numbers in the firstName to register on the platform [Generate data for new user with incorrect firstName], When I consume the web service to register a regular user on the platform [Register a regular user into the platform [POST https://nodejs-qa-training.herokuapp.com/users]], Then the web service will respond with a validation error [Verify that API response not is 201], Create a regular user with numbers in the lastName:Given I have the data of an user with numbers in the lastName to register on the platform [Generate data for new user with incorrect lastName], When I consume the web service to register a regular user on the platform [Register a regular user into the platform [POST https://nodejs-qa-training.herokuapp.com/users]], Then the web service will respond with a validation error [Verify that API response not is 201], Create a regular user with numbers in the firstName and lastName:Given I have the data of an user with numbers in the firstName and lastName to register on the platform [Generate data for new user with incorrect firstName and lastName], When I consume the web service to register a regular user on the platform [Register a regular user into the platform [POST https://nodejs-qa-training.herokuapp.com/users]], Then the web service will respond with a validation error [Verify that API response not is 201]]
22:54:41.512 [Test worker] WARN  n.t.core.steps.BaseStepListener - Final testOutcomes: [Create a regular user:Given I have the data of an user to register on the platform [Generate data for new user], When I consume the web service to register a regular user on the platform [Register a regular user into the platform [POST https://nodejs-qa-training.herokuapp.com/users]], Then the web service to register a new user responses successfully [Verify that API response is 201], And the user will be created on the platform [Login an user into the platform [Login user [POST https://nodejs-qa-training.herokuapp.com/users/sessions]], Search a specific user into the platform [GET https://nodejs-qa-training.herokuapp.com/users/1213], Verify that API response is 200, Validate the result of search an user], Create a regular user with incorrect email format:Given I have the data of an user with an incorrectly formatted email to register on the platform [Generate data for new user with incorrect format email], When I consume the web service to register a regular user on the platform [Register a regular user into the platform [POST https://nodejs-qa-training.herokuapp.com/users]], Then the web service will respond with a validation error of invalid email [Verify that API response not is 200, Verify that response contains a invalid email error message], Create a regular user with invalid email:Given I have the data of an user with an invalid email to register on the platform [Generate data for new user with invalid format email], When I consume the web service to register a regular user on the platform [Register a regular user into the platform [POST https://nodejs-qa-training.herokuapp.com/users]], Then the web service will respond with a validation error of incorrect domain email [Verify that API response not is 200, Verify non accepted email: net.serenitybdd.rest.decorators.ResponseDecorated@447273d8], Create a regular user with numbers in the firstName:Given I have the data of an user with numbers in the firstName to register on the platform [Generate data for new user with incorrect firstName], When I consume the web service to register a regular user on the platform [Register a regular user into the platform [POST https://nodejs-qa-training.herokuapp.com/users]], Then the web service will respond with a validation error [Verify that API response not is 201], Create a regular user with numbers in the lastName:Given I have the data of an user with numbers in the lastName to register on the platform [Generate data for new user with incorrect lastName], When I consume the web service to register a regular user on the platform [Register a regular user into the platform [POST https://nodejs-qa-training.herokuapp.com/users]], Then the web service will respond with a validation error [Verify that API response not is 201], Create a regular user with numbers in the firstName and lastName:Given I have the data of an user with numbers in the firstName and lastName to register on the platform [Generate data for new user with incorrect firstName and lastName], When I consume the web service to register a regular user on the platform [Register a regular user into the platform [POST https://nodejs-qa-training.herokuapp.com/users]], Then the web service will respond with a validation error [Verify that API response not is 201]]
22:54:41.512 [Test worker] ERROR n.t.c.steps.ConsoleLoggingListener - 
           __  _____ _____ ____ _____   _____ _    ___ _     _____ ____  
  _       / / |_   _| ____/ ___|_   _| |  ___/ \  |_ _| |   | ____|  _ \ 
 (_)_____| |    | | |  _| \___ \ | |   | |_ / _ \  | || |   |  _| | | | |
  _|_____| |    | | | |___ ___) || |   |  _/ ___ \ | || |___| |___| |_| |
 (_)     | |    |_| |_____|____/ |_|   |_|/_/   \_\___|_____|_____|____/ 
          \_\                                                            

TEST FAILED: Create a regular user with numbers in the firstName and lastName
--------------------------------------------------------------------------
22:54:41.512 [Test worker] ERROR n.t.c.steps.ConsoleLoggingListener - TEST FAILED AT STEP Verify that API response not is 201
22:54:41.513 [Test worker] ERROR n.t.c.steps.ConsoleLoggingListener - Expecting:  201not to be equal to:  201
22:54:54.370 [Test worker] WARN  n.t.core.steps.BaseStepListener - testFinished: Create a regular user with incorrect minimum password length:Given I have the data of an user with incorrect minimum password length to register on the platform [Generate data for new user with incorrect minimum password length], When I consume the web service to register a regular user on the platform [Register a regular user into the platform [POST https://nodejs-qa-training.herokuapp.com/users]], Then the web service will respond with a validation error [Verify that API response not is 201]
22:54:54.370 [Test worker] WARN  n.t.core.steps.BaseStepListener - TestOutcomes: [Create a regular user:Given I have the data of an user to register on the platform [Generate data for new user], When I consume the web service to register a regular user on the platform [Register a regular user into the platform [POST https://nodejs-qa-training.herokuapp.com/users]], Then the web service to register a new user responses successfully [Verify that API response is 201], And the user will be created on the platform [Login an user into the platform [Login user [POST https://nodejs-qa-training.herokuapp.com/users/sessions]], Search a specific user into the platform [GET https://nodejs-qa-training.herokuapp.com/users/1213], Verify that API response is 200, Validate the result of search an user], Create a regular user with incorrect email format:Given I have the data of an user with an incorrectly formatted email to register on the platform [Generate data for new user with incorrect format email], When I consume the web service to register a regular user on the platform [Register a regular user into the platform [POST https://nodejs-qa-training.herokuapp.com/users]], Then the web service will respond with a validation error of invalid email [Verify that API response not is 200, Verify that response contains a invalid email error message], Create a regular user with invalid email:Given I have the data of an user with an invalid email to register on the platform [Generate data for new user with invalid format email], When I consume the web service to register a regular user on the platform [Register a regular user into the platform [POST https://nodejs-qa-training.herokuapp.com/users]], Then the web service will respond with a validation error of incorrect domain email [Verify that API response not is 200, Verify non accepted email: net.serenitybdd.rest.decorators.ResponseDecorated@447273d8], Create a regular user with numbers in the firstName:Given I have the data of an user with numbers in the firstName to register on the platform [Generate data for new user with incorrect firstName], When I consume the web service to register a regular user on the platform [Register a regular user into the platform [POST https://nodejs-qa-training.herokuapp.com/users]], Then the web service will respond with a validation error [Verify that API response not is 201], Create a regular user with numbers in the lastName:Given I have the data of an user with numbers in the lastName to register on the platform [Generate data for new user with incorrect lastName], When I consume the web service to register a regular user on the platform [Register a regular user into the platform [POST https://nodejs-qa-training.herokuapp.com/users]], Then the web service will respond with a validation error [Verify that API response not is 201], Create a regular user with numbers in the firstName and lastName:Given I have the data of an user with numbers in the firstName and lastName to register on the platform [Generate data for new user with incorrect firstName and lastName], When I consume the web service to register a regular user on the platform [Register a regular user into the platform [POST https://nodejs-qa-training.herokuapp.com/users]], Then the web service will respond with a validation error [Verify that API response not is 201], Create a regular user with incorrect minimum password length:Given I have the data of an user with incorrect minimum password length to register on the platform [Generate data for new user with incorrect minimum password length], When I consume the web service to register a regular user on the platform [Register a regular user into the platform [POST https://nodejs-qa-training.herokuapp.com/users]], Then the web service will respond with a validation error [Verify that API response not is 201]]
22:54:54.371 [Test worker] WARN  n.t.core.steps.BaseStepListener - Final testOutcomes: [Create a regular user:Given I have the data of an user to register on the platform [Generate data for new user], When I consume the web service to register a regular user on the platform [Register a regular user into the platform [POST https://nodejs-qa-training.herokuapp.com/users]], Then the web service to register a new user responses successfully [Verify that API response is 201], And the user will be created on the platform [Login an user into the platform [Login user [POST https://nodejs-qa-training.herokuapp.com/users/sessions]], Search a specific user into the platform [GET https://nodejs-qa-training.herokuapp.com/users/1213], Verify that API response is 200, Validate the result of search an user], Create a regular user with incorrect email format:Given I have the data of an user with an incorrectly formatted email to register on the platform [Generate data for new user with incorrect format email], When I consume the web service to register a regular user on the platform [Register a regular user into the platform [POST https://nodejs-qa-training.herokuapp.com/users]], Then the web service will respond with a validation error of invalid email [Verify that API response not is 200, Verify that response contains a invalid email error message], Create a regular user with invalid email:Given I have the data of an user with an invalid email to register on the platform [Generate data for new user with invalid format email], When I consume the web service to register a regular user on the platform [Register a regular user into the platform [POST https://nodejs-qa-training.herokuapp.com/users]], Then the web service will respond with a validation error of incorrect domain email [Verify that API response not is 200, Verify non accepted email: net.serenitybdd.rest.decorators.ResponseDecorated@447273d8], Create a regular user with numbers in the firstName:Given I have the data of an user with numbers in the firstName to register on the platform [Generate data for new user with incorrect firstName], When I consume the web service to register a regular user on the platform [Register a regular user into the platform [POST https://nodejs-qa-training.herokuapp.com/users]], Then the web service will respond with a validation error [Verify that API response not is 201], Create a regular user with numbers in the lastName:Given I have the data of an user with numbers in the lastName to register on the platform [Generate data for new user with incorrect lastName], When I consume the web service to register a regular user on the platform [Register a regular user into the platform [POST https://nodejs-qa-training.herokuapp.com/users]], Then the web service will respond with a validation error [Verify that API response not is 201], Create a regular user with numbers in the firstName and lastName:Given I have the data of an user with numbers in the firstName and lastName to register on the platform [Generate data for new user with incorrect firstName and lastName], When I consume the web service to register a regular user on the platform [Register a regular user into the platform [POST https://nodejs-qa-training.herokuapp.com/users]], Then the web service will respond with a validation error [Verify that API response not is 201], Create a regular user with incorrect minimum password length:Given I have the data of an user with incorrect minimum password length to register on the platform [Generate data for new user with incorrect minimum password length], When I consume the web service to register a regular user on the platform [Register a regular user into the platform [POST https://nodejs-qa-training.herokuapp.com/users]], Then the web service will respond with a validation error [Verify that API response not is 201]]
22:54:54.371 [Test worker] INFO  n.t.c.steps.ConsoleLoggingListener - 
        __    _____ _____ ____ _____   ____   _    ____  ____  _____ ____  
  _     \ \  |_   _| ____/ ___|_   _| |  _ \ / \  / ___|/ ___|| ____|  _ \ 
 (_)_____| |   | | |  _| \___ \ | |   | |_) / _ \ \___ \\___ \|  _| | | | |
  _|_____| |   | | | |___ ___) || |   |  __/ ___ \ ___) |___) | |___| |_| |
 (_)     | |   |_| |_____|____/ |_|   |_| /_/   \_\____/|____/|_____|____/ 
        /_/                                                                

TEST PASSED: Create a regular user with incorrect minimum password length
----------------------------------------------------------------------------
22:55:00.481 [Test worker] WARN  n.t.core.steps.BaseStepListener - testFinished: Create a regular user with only numbers in the password:Given I have the data of an user with only numbers in the password to register on the platform [Generate data for new user with only numbers in the password], When I consume the web service to register a regular user on the platform [Register a regular user into the platform [POST https://nodejs-qa-training.herokuapp.com/users]], Then the web service will respond with a validation error [Verify that API response not is 201]
22:55:00.481 [Test worker] WARN  n.t.core.steps.BaseStepListener - TestOutcomes: [Create a regular user:Given I have the data of an user to register on the platform [Generate data for new user], When I consume the web service to register a regular user on the platform [Register a regular user into the platform [POST https://nodejs-qa-training.herokuapp.com/users]], Then the web service to register a new user responses successfully [Verify that API response is 201], And the user will be created on the platform [Login an user into the platform [Login user [POST https://nodejs-qa-training.herokuapp.com/users/sessions]], Search a specific user into the platform [GET https://nodejs-qa-training.herokuapp.com/users/1213], Verify that API response is 200, Validate the result of search an user], Create a regular user with incorrect email format:Given I have the data of an user with an incorrectly formatted email to register on the platform [Generate data for new user with incorrect format email], When I consume the web service to register a regular user on the platform [Register a regular user into the platform [POST https://nodejs-qa-training.herokuapp.com/users]], Then the web service will respond with a validation error of invalid email [Verify that API response not is 200, Verify that response contains a invalid email error message], Create a regular user with invalid email:Given I have the data of an user with an invalid email to register on the platform [Generate data for new user with invalid format email], When I consume the web service to register a regular user on the platform [Register a regular user into the platform [POST https://nodejs-qa-training.herokuapp.com/users]], Then the web service will respond with a validation error of incorrect domain email [Verify that API response not is 200, Verify non accepted email: net.serenitybdd.rest.decorators.ResponseDecorated@447273d8], Create a regular user with numbers in the firstName:Given I have the data of an user with numbers in the firstName to register on the platform [Generate data for new user with incorrect firstName], When I consume the web service to register a regular user on the platform [Register a regular user into the platform [POST https://nodejs-qa-training.herokuapp.com/users]], Then the web service will respond with a validation error [Verify that API response not is 201], Create a regular user with numbers in the lastName:Given I have the data of an user with numbers in the lastName to register on the platform [Generate data for new user with incorrect lastName], When I consume the web service to register a regular user on the platform [Register a regular user into the platform [POST https://nodejs-qa-training.herokuapp.com/users]], Then the web service will respond with a validation error [Verify that API response not is 201], Create a regular user with numbers in the firstName and lastName:Given I have the data of an user with numbers in the firstName and lastName to register on the platform [Generate data for new user with incorrect firstName and lastName], When I consume the web service to register a regular user on the platform [Register a regular user into the platform [POST https://nodejs-qa-training.herokuapp.com/users]], Then the web service will respond with a validation error [Verify that API response not is 201], Create a regular user with incorrect minimum password length:Given I have the data of an user with incorrect minimum password length to register on the platform [Generate data for new user with incorrect minimum password length], When I consume the web service to register a regular user on the platform [Register a regular user into the platform [POST https://nodejs-qa-training.herokuapp.com/users]], Then the web service will respond with a validation error [Verify that API response not is 201], Create a regular user with only numbers in the password:Given I have the data of an user with only numbers in the password to register on the platform [Generate data for new user with only numbers in the password], When I consume the web service to register a regular user on the platform [Register a regular user into the platform [POST https://nodejs-qa-training.herokuapp.com/users]], Then the web service will respond with a validation error [Verify that API response not is 201]]
22:55:00.482 [Test worker] WARN  n.t.core.steps.BaseStepListener - Final testOutcomes: [Create a regular user:Given I have the data of an user to register on the platform [Generate data for new user], When I consume the web service to register a regular user on the platform [Register a regular user into the platform [POST https://nodejs-qa-training.herokuapp.com/users]], Then the web service to register a new user responses successfully [Verify that API response is 201], And the user will be created on the platform [Login an user into the platform [Login user [POST https://nodejs-qa-training.herokuapp.com/users/sessions]], Search a specific user into the platform [GET https://nodejs-qa-training.herokuapp.com/users/1213], Verify that API response is 200, Validate the result of search an user], Create a regular user with incorrect email format:Given I have the data of an user with an incorrectly formatted email to register on the platform [Generate data for new user with incorrect format email], When I consume the web service to register a regular user on the platform [Register a regular user into the platform [POST https://nodejs-qa-training.herokuapp.com/users]], Then the web service will respond with a validation error of invalid email [Verify that API response not is 200, Verify that response contains a invalid email error message], Create a regular user with invalid email:Given I have the data of an user with an invalid email to register on the platform [Generate data for new user with invalid format email], When I consume the web service to register a regular user on the platform [Register a regular user into the platform [POST https://nodejs-qa-training.herokuapp.com/users]], Then the web service will respond with a validation error of incorrect domain email [Verify that API response not is 200, Verify non accepted email: net.serenitybdd.rest.decorators.ResponseDecorated@447273d8], Create a regular user with numbers in the firstName:Given I have the data of an user with numbers in the firstName to register on the platform [Generate data for new user with incorrect firstName], When I consume the web service to register a regular user on the platform [Register a regular user into the platform [POST https://nodejs-qa-training.herokuapp.com/users]], Then the web service will respond with a validation error [Verify that API response not is 201], Create a regular user with numbers in the lastName:Given I have the data of an user with numbers in the lastName to register on the platform [Generate data for new user with incorrect lastName], When I consume the web service to register a regular user on the platform [Register a regular user into the platform [POST https://nodejs-qa-training.herokuapp.com/users]], Then the web service will respond with a validation error [Verify that API response not is 201], Create a regular user with numbers in the firstName and lastName:Given I have the data of an user with numbers in the firstName and lastName to register on the platform [Generate data for new user with incorrect firstName and lastName], When I consume the web service to register a regular user on the platform [Register a regular user into the platform [POST https://nodejs-qa-training.herokuapp.com/users]], Then the web service will respond with a validation error [Verify that API response not is 201], Create a regular user with incorrect minimum password length:Given I have the data of an user with incorrect minimum password length to register on the platform [Generate data for new user with incorrect minimum password length], When I consume the web service to register a regular user on the platform [Register a regular user into the platform [POST https://nodejs-qa-training.herokuapp.com/users]], Then the web service will respond with a validation error [Verify that API response not is 201], Create a regular user with only numbers in the password:Given I have the data of an user with only numbers in the password to register on the platform [Generate data for new user with only numbers in the password], When I consume the web service to register a regular user on the platform [Register a regular user into the platform [POST https://nodejs-qa-training.herokuapp.com/users]], Then the web service will respond with a validation error [Verify that API response not is 201]]
22:55:00.483 [Test worker] INFO  n.t.c.steps.ConsoleLoggingListener - 
        __    _____ _____ ____ _____   ____   _    ____  ____  _____ ____  
  _     \ \  |_   _| ____/ ___|_   _| |  _ \ / \  / ___|/ ___|| ____|  _ \ 
 (_)_____| |   | | |  _| \___ \ | |   | |_) / _ \ \___ \\___ \|  _| | | | |
  _|_____| |   | | | |___ ___) || |   |  __/ ___ \ ___) |___) | |___| |_| |
 (_)     | |   |_| |_____|____/ |_|   |_| /_/   \_\____/|____/|_____|____/ 
        /_/                                                                

TEST PASSED: Create a regular user with only numbers in the password
----------------------------------------------------------------------------
22:55:15.956 [Test worker] WARN  n.t.core.steps.BaseStepListener - testFinished: Create a regular user without numbers in the password:Given I have the data of an user without numbers in the password to register on the platform [Generate data for new user without numbers in the password], When I consume the web service to register a regular user on the platform [Register a regular user into the platform [POST https://nodejs-qa-training.herokuapp.com/users]], Then the web service will respond with a validation error [Verify that API response not is 201]
22:55:15.957 [Test worker] WARN  n.t.core.steps.BaseStepListener - TestOutcomes: [Create a regular user:Given I have the data of an user to register on the platform [Generate data for new user], When I consume the web service to register a regular user on the platform [Register a regular user into the platform [POST https://nodejs-qa-training.herokuapp.com/users]], Then the web service to register a new user responses successfully [Verify that API response is 201], And the user will be created on the platform [Login an user into the platform [Login user [POST https://nodejs-qa-training.herokuapp.com/users/sessions]], Search a specific user into the platform [GET https://nodejs-qa-training.herokuapp.com/users/1213], Verify that API response is 200, Validate the result of search an user], Create a regular user with incorrect email format:Given I have the data of an user with an incorrectly formatted email to register on the platform [Generate data for new user with incorrect format email], When I consume the web service to register a regular user on the platform [Register a regular user into the platform [POST https://nodejs-qa-training.herokuapp.com/users]], Then the web service will respond with a validation error of invalid email [Verify that API response not is 200, Verify that response contains a invalid email error message], Create a regular user with invalid email:Given I have the data of an user with an invalid email to register on the platform [Generate data for new user with invalid format email], When I consume the web service to register a regular user on the platform [Register a regular user into the platform [POST https://nodejs-qa-training.herokuapp.com/users]], Then the web service will respond with a validation error of incorrect domain email [Verify that API response not is 200, Verify non accepted email: net.serenitybdd.rest.decorators.ResponseDecorated@447273d8], Create a regular user with numbers in the firstName:Given I have the data of an user with numbers in the firstName to register on the platform [Generate data for new user with incorrect firstName], When I consume the web service to register a regular user on the platform [Register a regular user into the platform [POST https://nodejs-qa-training.herokuapp.com/users]], Then the web service will respond with a validation error [Verify that API response not is 201], Create a regular user with numbers in the lastName:Given I have the data of an user with numbers in the lastName to register on the platform [Generate data for new user with incorrect lastName], When I consume the web service to register a regular user on the platform [Register a regular user into the platform [POST https://nodejs-qa-training.herokuapp.com/users]], Then the web service will respond with a validation error [Verify that API response not is 201], Create a regular user with numbers in the firstName and lastName:Given I have the data of an user with numbers in the firstName and lastName to register on the platform [Generate data for new user with incorrect firstName and lastName], When I consume the web service to register a regular user on the platform [Register a regular user into the platform [POST https://nodejs-qa-training.herokuapp.com/users]], Then the web service will respond with a validation error [Verify that API response not is 201], Create a regular user with incorrect minimum password length:Given I have the data of an user with incorrect minimum password length to register on the platform [Generate data for new user with incorrect minimum password length], When I consume the web service to register a regular user on the platform [Register a regular user into the platform [POST https://nodejs-qa-training.herokuapp.com/users]], Then the web service will respond with a validation error [Verify that API response not is 201], Create a regular user with only numbers in the password:Given I have the data of an user with only numbers in the password to register on the platform [Generate data for new user with only numbers in the password], When I consume the web service to register a regular user on the platform [Register a regular user into the platform [POST https://nodejs-qa-training.herokuapp.com/users]], Then the web service will respond with a validation error [Verify that API response not is 201], Create a regular user without numbers in the password:Given I have the data of an user without numbers in the password to register on the platform [Generate data for new user without numbers in the password], When I consume the web service to register a regular user on the platform [Register a regular user into the platform [POST https://nodejs-qa-training.herokuapp.com/users]], Then the web service will respond with a validation error [Verify that API response not is 201]]
22:55:15.957 [Test worker] WARN  n.t.core.steps.BaseStepListener - Final testOutcomes: [Create a regular user:Given I have the data of an user to register on the platform [Generate data for new user], When I consume the web service to register a regular user on the platform [Register a regular user into the platform [POST https://nodejs-qa-training.herokuapp.com/users]], Then the web service to register a new user responses successfully [Verify that API response is 201], And the user will be created on the platform [Login an user into the platform [Login user [POST https://nodejs-qa-training.herokuapp.com/users/sessions]], Search a specific user into the platform [GET https://nodejs-qa-training.herokuapp.com/users/1213], Verify that API response is 200, Validate the result of search an user], Create a regular user with incorrect email format:Given I have the data of an user with an incorrectly formatted email to register on the platform [Generate data for new user with incorrect format email], When I consume the web service to register a regular user on the platform [Register a regular user into the platform [POST https://nodejs-qa-training.herokuapp.com/users]], Then the web service will respond with a validation error of invalid email [Verify that API response not is 200, Verify that response contains a invalid email error message], Create a regular user with invalid email:Given I have the data of an user with an invalid email to register on the platform [Generate data for new user with invalid format email], When I consume the web service to register a regular user on the platform [Register a regular user into the platform [POST https://nodejs-qa-training.herokuapp.com/users]], Then the web service will respond with a validation error of incorrect domain email [Verify that API response not is 200, Verify non accepted email: net.serenitybdd.rest.decorators.ResponseDecorated@447273d8], Create a regular user with numbers in the firstName:Given I have the data of an user with numbers in the firstName to register on the platform [Generate data for new user with incorrect firstName], When I consume the web service to register a regular user on the platform [Register a regular user into the platform [POST https://nodejs-qa-training.herokuapp.com/users]], Then the web service will respond with a validation error [Verify that API response not is 201], Create a regular user with numbers in the lastName:Given I have the data of an user with numbers in the lastName to register on the platform [Generate data for new user with incorrect lastName], When I consume the web service to register a regular user on the platform [Register a regular user into the platform [POST https://nodejs-qa-training.herokuapp.com/users]], Then the web service will respond with a validation error [Verify that API response not is 201], Create a regular user with numbers in the firstName and lastName:Given I have the data of an user with numbers in the firstName and lastName to register on the platform [Generate data for new user with incorrect firstName and lastName], When I consume the web service to register a regular user on the platform [Register a regular user into the platform [POST https://nodejs-qa-training.herokuapp.com/users]], Then the web service will respond with a validation error [Verify that API response not is 201], Create a regular user with incorrect minimum password length:Given I have the data of an user with incorrect minimum password length to register on the platform [Generate data for new user with incorrect minimum password length], When I consume the web service to register a regular user on the platform [Register a regular user into the platform [POST https://nodejs-qa-training.herokuapp.com/users]], Then the web service will respond with a validation error [Verify that API response not is 201], Create a regular user with only numbers in the password:Given I have the data of an user with only numbers in the password to register on the platform [Generate data for new user with only numbers in the password], When I consume the web service to register a regular user on the platform [Register a regular user into the platform [POST https://nodejs-qa-training.herokuapp.com/users]], Then the web service will respond with a validation error [Verify that API response not is 201], Create a regular user without numbers in the password:Given I have the data of an user without numbers in the password to register on the platform [Generate data for new user without numbers in the password], When I consume the web service to register a regular user on the platform [Register a regular user into the platform [POST https://nodejs-qa-training.herokuapp.com/users]], Then the web service will respond with a validation error [Verify that API response not is 201]]
22:55:15.957 [Test worker] INFO  n.t.c.steps.ConsoleLoggingListener - 
        __    _____ _____ ____ _____   ____   _    ____  ____  _____ ____  
  _     \ \  |_   _| ____/ ___|_   _| |  _ \ / \  / ___|/ ___|| ____|  _ \ 
 (_)_____| |   | | |  _| \___ \ | |   | |_) / _ \ \___ \\___ \|  _| | | | |
  _|_____| |   | | | |___ ___) || |   |  __/ ___ \ ___) |___) | |___| |_| |
 (_)     | |   |_| |_____|____/ |_|   |_| /_/   \_\____/|____/|_____|____/ 
        /_/                                                                

TEST PASSED: Create a regular user without numbers in the password
----------------------------------------------------------------------------
Feature: Sign in Naiofy album shop

  Scenario: Create a regular user                                             ?[90m# src/test/resources/features/registration.feature:3?[0m
    ?[32mGiven ?[0m?[32mI have the data of an user to register on the platform?[0m              ?[90m# RegistrationStepdefs.iHaveTheDataOfAnUserToRegisterOnThePlatform()?[0m
    ?[32mWhen ?[0m?[32mI consume the web service to register a regular user on the platform?[0m ?[90m# RegistrationStepdefs.iConsumeTheWebServiceToRegisterARegularUserOnThePlatform()?[0m
    ?[32mThen ?[0m?[32mthe web service to register a new user responses successfully?[0m        ?[90m# RegistrationStepdefs.theWebServiceToRegisterANewUserResponsesSuccessfully()?[0m
    ?[32mAnd ?[0m?[32mthe user will be created on the platform?[0m                              ?[90m# RegistrationStepdefs.theUserWillBeCreatedOnThePlatform()?[0m

  Scenario: Create a regular user with incorrect email format                                        ?[90m# src/test/resources/features/registration.feature:9?[0m
    ?[32mGiven ?[0m?[32mI have the data of an user with an incorrectly formatted email to register on the platform?[0m ?[90m# RegistrationStepdefs.iHaveTheDataOfAnUserWithAnIncorrectlyFormattedEmailToRegisterOnThePlatform()?[0m
    ?[32mWhen ?[0m?[32mI consume the web service to register a regular user on the platform?[0m                        ?[90m# RegistrationStepdefs.iConsumeTheWebServiceToRegisterARegularUserOnThePlatform()?[0m
    ?[31mThen ?[0m?[31mthe web service will respond with a validation error of invalid email?[0m                       ?[90m# LoginStepdefs.theWebServiceWillRespondWithAValidationErrorOfInvalidEmail()?[0m
      ?[31morg.junit.ComparisonFailure: expected:<"Invalid email[]"> but was:<"Invalid email[. Password format invalid]">
	at sun.reflect.NativeConstructorAccessorImpl.newInstance0(Native Method)
	at sun.reflect.NativeConstructorAccessorImpl.newInstance(NativeConstructorAccessorImpl.java:62)
	at sun.reflect.DelegatingConstructorAccessorImpl.newInstance(DelegatingConstructorAccessorImpl.java:45)
	at com.naiofy.albums_shop.questions.login.LoginQuestions.verifyInvalidEmail(LoginQuestions.java:24)
	at com.naiofy.albums_shop.questions.login.LoginQuestions$ByteBuddy$LIlOUQNb.verifyInvalidEmail$accessor$01ehAcxN(Unknown Source)
	at sun.reflect.NativeMethodAccessorImpl.invoke0(Native Method)
	at sun.reflect.NativeMethodAccessorImpl.invoke(NativeMethodAccessorImpl.java:62)
	at sun.reflect.DelegatingMethodAccessorImpl.invoke(DelegatingMethodAccessorImpl.java:43)
	at java.lang.reflect.Method.invoke(Method.java:498)
	at net.thucydides.core.steps.StepInterceptor.invokeMethod(StepInterceptor.java:471)
	at net.thucydides.core.steps.StepInterceptor.executeTestStepMethod(StepInterceptor.java:451)
	at net.thucydides.core.steps.StepInterceptor.runTestStep(StepInterceptor.java:424)
	at net.thucydides.core.steps.StepInterceptor.runOrSkipMethod(StepInterceptor.java:180)
	at net.thucydides.core.steps.StepInterceptor.testStepResult(StepInterceptor.java:167)
	at net.thucydides.core.steps.StepInterceptor.intercept(StepInterceptor.java:75)
	at com.naiofy.albums_shop.questions.login.LoginQuestions$ByteBuddy$LIlOUQNb.verifyInvalidEmail(Unknown Source)
	at com.naiofy.albums_shop.stepdefinitions.LoginStepdefs.theWebServiceWillRespondWithAValidationErrorOfInvalidEmail(LoginStepdefs.java:71)
	at ?.the web service will respond with a validation error of invalid email(src/test/resources/features/registration.feature:12)
?[0m

  Scenario: Create a regular user with invalid email                                    ?[90m# src/test/resources/features/registration.feature:14?[0m
    ?[32mGiven ?[0m?[32mI have the data of an user with an invalid email to register on the platform?[0m  ?[90m# RegistrationStepdefs.iHaveTheDataOfAnUserWithAnInvalidEmailToRegisterOnThePlatform()?[0m
    ?[32mWhen ?[0m?[32mI consume the web service to register a regular user on the platform?[0m           ?[90m# RegistrationStepdefs.iConsumeTheWebServiceToRegisterARegularUserOnThePlatform()?[0m
    ?[31mThen ?[0m?[31mthe web service will respond with a validation error of incorrect domain email?[0m ?[90m# LoginStepdefs.theWebServiceWillRespondWithAValidationErrorOfIncorrectDomainEmail()?[0m
      ?[31mnet.serenitybdd.core.exceptions.SerenityManagedException: expected:<...ust be @wolox.com.ar[]"> but was:<...ust be @wolox.com.ar[. Password format invalid]">
	at sun.reflect.NativeConstructorAccessorImpl.newInstance0(Native Method)
	at sun.reflect.NativeConstructorAccessorImpl.newInstance(NativeConstructorAccessorImpl.java:62)
	at sun.reflect.DelegatingConstructorAccessorImpl.newInstance(DelegatingConstructorAccessorImpl.java:45)
	at com.naiofy.albums_shop.questions.login.LoginQuestions.verifyNonAcceptedEmail(LoginQuestions.java:31)
	at com.naiofy.albums_shop.questions.login.LoginQuestions$ByteBuddy$Q25XJYqJ.verifyNonAcceptedEmail$accessor$2cxfD7N8(Unknown Source)
	at sun.reflect.NativeMethodAccessorImpl.invoke0(Native Method)
	at sun.reflect.NativeMethodAccessorImpl.invoke(NativeMethodAccessorImpl.java:62)
	at sun.reflect.DelegatingMethodAccessorImpl.invoke(DelegatingMethodAccessorImpl.java:43)
	at java.lang.reflect.Method.invoke(Method.java:498)
	at net.thucydides.core.steps.BaseMethodRunner.invokeMethod(BaseMethodRunner.java:18)
	at net.thucydides.core.steps.NormalMethodRunner.invokeMethodAndNotifyFailures(NormalMethodRunner.java:18)
	at net.thucydides.core.steps.StepInterceptor.runNormalMethod(StepInterceptor.java:377)
	at net.thucydides.core.steps.StepInterceptor.testStepResult(StepInterceptor.java:162)
	at net.thucydides.core.steps.StepInterceptor.intercept(StepInterceptor.java:75)
	at com.naiofy.albums_shop.questions.login.LoginQuestions$ByteBuddy$Q25XJYqJ.verifyNonAcceptedEmail(Unknown Source)
	at com.naiofy.albums_shop.stepdefinitions.LoginStepdefs.theWebServiceWillRespondWithAValidationErrorOfIncorrectDomainEmail(LoginStepdefs.java:82)
	at ?.the web service will respond with a validation error of incorrect domain email(src/test/resources/features/registration.feature:17)
?[0m

  Scenario: Create a regular user with numbers in the firstName                                ?[90m# src/test/resources/features/registration.feature:19?[0m
    ?[32mGiven ?[0m?[32mI have the data of an user with numbers in the firstName to register on the platform?[0m ?[90m# RegistrationStepdefs.iHaveTheDataOfAnUserWithNumbersInTheFirstNameToRegisterOnThePlatform()?[0m
    ?[32mWhen ?[0m?[32mI consume the web service to register a regular user on the platform?[0m                  ?[90m# RegistrationStepdefs.iConsumeTheWebServiceToRegisterARegularUserOnThePlatform()?[0m
    ?[31mThen ?[0m?[31mthe web service will respond with a validation error?[0m                                  ?[90m# RegistrationStepdefs.theWebServiceWillRespondWithAValidationErrorOfInvalidName()?[0m
      ?[31mjava.lang.AssertionError: 
Expecting:
  201
not to be equal to:
  201

	at com.naiofy.albums_shop.questions.CommonQuestions.responseCodeNotIs(CommonQuestions.java:18)
	at com.naiofy.albums_shop.questions.CommonQuestions$ByteBuddy$U7A3mybG.responseCodeNotIs$accessor$eQDUVV7Z(Unknown Source)
	at sun.reflect.NativeMethodAccessorImpl.invoke0(Native Method)
	at sun.reflect.NativeMethodAccessorImpl.invoke(NativeMethodAccessorImpl.java:62)
	at sun.reflect.DelegatingMethodAccessorImpl.invoke(DelegatingMethodAccessorImpl.java:43)
	at java.lang.reflect.Method.invoke(Method.java:498)
	at net.thucydides.core.steps.StepInterceptor.invokeMethod(StepInterceptor.java:471)
	at net.thucydides.core.steps.StepInterceptor.executeTestStepMethod(StepInterceptor.java:451)
	at net.thucydides.core.steps.StepInterceptor.runTestStep(StepInterceptor.java:424)
	at net.thucydides.core.steps.StepInterceptor.runOrSkipMethod(StepInterceptor.java:180)
	at net.thucydides.core.steps.StepInterceptor.testStepResult(StepInterceptor.java:167)
	at net.thucydides.core.steps.StepInterceptor.intercept(StepInterceptor.java:75)
	at com.naiofy.albums_shop.questions.CommonQuestions$ByteBuddy$U7A3mybG.responseCodeNotIs(Unknown Source)
	at com.naiofy.albums_shop.stepdefinitions.RegistrationStepdefs.theWebServiceWillRespondWithAValidationErrorOfInvalidName(RegistrationStepdefs.java:111)
	at ?.the web service will respond with a validation error(src/test/resources/features/registration.feature:22)
?[0m

  Scenario: Create a regular user with numbers in the lastName                                ?[90m# src/test/resources/features/registration.feature:24?[0m
    ?[32mGiven ?[0m?[32mI have the data of an user with numbers in the lastName to register on the platform?[0m ?[90m# RegistrationStepdefs.iHaveTheDataOfAnUserWithNumbersInTheLastNameToRegisterOnThePlatform()?[0m
    ?[32mWhen ?[0m?[32mI consume the web service to register a regular user on the platform?[0m                 ?[90m# RegistrationStepdefs.iConsumeTheWebServiceToRegisterARegularUserOnThePlatform()?[0m
    ?[31mThen ?[0m?[31mthe web service will respond with a validation error?[0m                                 ?[90m# RegistrationStepdefs.theWebServiceWillRespondWithAValidationErrorOfInvalidName()?[0m
      ?[31mjava.lang.AssertionError: 
Expecting:
  201
not to be equal to:
  201

	at com.naiofy.albums_shop.questions.CommonQuestions.responseCodeNotIs(CommonQuestions.java:18)
	at com.naiofy.albums_shop.questions.CommonQuestions$ByteBuddy$E4fNWtQI.responseCodeNotIs$accessor$HWl54VmU(Unknown Source)
	at sun.reflect.NativeMethodAccessorImpl.invoke0(Native Method)
	at sun.reflect.NativeMethodAccessorImpl.invoke(NativeMethodAccessorImpl.java:62)
	at sun.reflect.DelegatingMethodAccessorImpl.invoke(DelegatingMethodAccessorImpl.java:43)
	at java.lang.reflect.Method.invoke(Method.java:498)
	at net.thucydides.core.steps.StepInterceptor.invokeMethod(StepInterceptor.java:471)
	at net.thucydides.core.steps.StepInterceptor.executeTestStepMethod(StepInterceptor.java:451)
	at net.thucydides.core.steps.StepInterceptor.runTestStep(StepInterceptor.java:424)
	at net.thucydides.core.steps.StepInterceptor.runOrSkipMethod(StepInterceptor.java:180)
	at net.thucydides.core.steps.StepInterceptor.testStepResult(StepInterceptor.java:167)
	at net.thucydides.core.steps.StepInterceptor.intercept(StepInterceptor.java:75)
	at com.naiofy.albums_shop.questions.CommonQuestions$ByteBuddy$E4fNWtQI.responseCodeNotIs(Unknown Source)
	at com.naiofy.albums_shop.stepdefinitions.RegistrationStepdefs.theWebServiceWillRespondWithAValidationErrorOfInvalidName(RegistrationStepdefs.java:111)
	at ?.the web service will respond with a validation error(src/test/resources/features/registration.feature:27)
?[0m

  Scenario: Create a regular user with numbers in the firstName and lastName                                ?[90m# src/test/resources/features/registration.feature:29?[0m
    ?[32mGiven ?[0m?[32mI have the data of an user with numbers in the firstName and lastName to register on the platform?[0m ?[90m# RegistrationStepdefs.iHaveTheDataOfAnUserWithNumbersInTheFirstNameAndLastNameToRegisterOnThePlatform()?[0m
    ?[32mWhen ?[0m?[32mI consume the web service to register a regular user on the platform?[0m                               ?[90m# RegistrationStepdefs.iConsumeTheWebServiceToRegisterARegularUserOnThePlatform()?[0m
    ?[31mThen ?[0m?[31mthe web service will respond with a validation error?[0m                                               ?[90m# RegistrationStepdefs.theWebServiceWillRespondWithAValidationErrorOfInvalidName()?[0m
      ?[31mjava.lang.AssertionError: 
Expecting:
  201
not to be equal to:
  201

	at com.naiofy.albums_shop.questions.CommonQuestions.responseCodeNotIs(CommonQuestions.java:18)
	at com.naiofy.albums_shop.questions.CommonQuestions$ByteBuddy$jaofMycg.responseCodeNotIs$accessor$5r7DBM9H(Unknown Source)
	at sun.reflect.NativeMethodAccessorImpl.invoke0(Native Method)
	at sun.reflect.NativeMethodAccessorImpl.invoke(NativeMethodAccessorImpl.java:62)
	at sun.reflect.DelegatingMethodAccessorImpl.invoke(DelegatingMethodAccessorImpl.java:43)
	at java.lang.reflect.Method.invoke(Method.java:498)
	at net.thucydides.core.steps.StepInterceptor.invokeMethod(StepInterceptor.java:471)
	at net.thucydides.core.steps.StepInterceptor.executeTestStepMethod(StepInterceptor.java:451)
	at net.thucydides.core.steps.StepInterceptor.runTestStep(StepInterceptor.java:424)
	at net.thucydides.core.steps.StepInterceptor.runOrSkipMethod(StepInterceptor.java:180)
	at net.thucydides.core.steps.StepInterceptor.testStepResult(StepInterceptor.java:167)
	at net.thucydides.core.steps.StepInterceptor.intercept(StepInterceptor.java:75)
	at com.naiofy.albums_shop.questions.CommonQuestions$ByteBuddy$jaofMycg.responseCodeNotIs(Unknown Source)
	at com.naiofy.albums_shop.stepdefinitions.RegistrationStepdefs.theWebServiceWillRespondWithAValidationErrorOfInvalidName(RegistrationStepdefs.java:111)
	at ?.the web service will respond with a validation error(src/test/resources/features/registration.feature:32)
?[0m

  Scenario: Create a regular user with incorrect minimum password length                                ?[90m# src/test/resources/features/registration.feature:34?[0m
    ?[32mGiven ?[0m?[32mI have the data of an user with incorrect minimum password length to register on the platform?[0m ?[90m# RegistrationStepdefs.iHaveTheDataOfAnUserWithIncorrectMinimumPasswordLengthToRegisterOnThePlatform()?[0m
    ?[32mWhen ?[0m?[32mI consume the web service to register a regular user on the platform?[0m                           ?[90m# RegistrationStepdefs.iConsumeTheWebServiceToRegisterARegularUserOnThePlatform()?[0m
    ?[32mThen ?[0m?[32mthe web service will respond with a validation error?[0m                                           ?[90m# RegistrationStepdefs.theWebServiceWillRespondWithAValidationErrorOfInvalidName()?[0m

  Scenario: Create a regular user with only numbers in the password                                ?[90m# src/test/resources/features/registration.feature:39?[0m
    ?[32mGiven ?[0m?[32mI have the data of an user with only numbers in the password to register on the platform?[0m ?[90m# RegistrationStepdefs.iHaveTheDataOfAnUserWithOnlyNumbersInThePasswordToRegisterOnThePlatform()?[0m
    ?[32mWhen ?[0m?[32mI consume the web service to register a regular user on the platform?[0m                      ?[90m# RegistrationStepdefs.iConsumeTheWebServiceToRegisterARegularUserOnThePlatform()?[0m
    ?[32mThen ?[0m?[32mthe web service will respond with a validation error?[0m                                      ?[90m# RegistrationStepdefs.theWebServiceWillRespondWithAValidationErrorOfInvalidName()?[0m

  Scenario: Create a regular user without numbers in the password                                ?[90m# src/test/resources/features/registration.feature:44?[0m
    ?[32mGiven ?[0m?[32mI have the data of an user without numbers in the password to register on the platform?[0m ?[90m# RegistrationStepdefs.iHaveTheDataOfAnUserWithoutNumbersInThePasswordToRegisterOnThePlatform()?[0m
    ?[32mWhen ?[0m?[32mI consume the web service to register a regular user on the platform?[0m                    ?[90m# RegistrationStepdefs.iConsumeTheWebServiceToRegisterARegularUserOnThePlatform()?[0m
    ?[32mThen ?[0m?[32mthe web service will respond with a validation error?[0m                                    ?[90m# RegistrationStepdefs.theWebServiceWillRespondWithAValidationErrorOfInvalidName()?[0m

?[31mFailed scenarios:?[0m
?[31msrc/test/resources/features/registration.feature:9 ?[0m# Create a regular user with incorrect email format
?[31msrc/test/resources/features/registration.feature:14 ?[0m# Create a regular user with invalid email
?[31msrc/test/resources/features/registration.feature:19 ?[0m# Create a regular user with numbers in the firstName
?[31msrc/test/resources/features/registration.feature:24 ?[0m# Create a regular user with numbers in the lastName
?[31msrc/test/resources/features/registration.feature:29 ?[0m# Create a regular user with numbers in the firstName and lastName

9 Scenarios (?[31m5 failed?[0m, ?[32m4 passed?[0m)
28 Steps (?[31m5 failed?[0m, ?[32m23 passed?[0m)
1m6,322s

org.junit.ComparisonFailure: expected:<"Invalid email[]"> but was:<"Invalid email[. Password format invalid]">
	at sun.reflect.NativeConstructorAccessorImpl.newInstance0(Native Method)
	at sun.reflect.NativeConstructorAccessorImpl.newInstance(NativeConstructorAccessorImpl.java:62)
	at sun.reflect.DelegatingConstructorAccessorImpl.newInstance(DelegatingConstructorAccessorImpl.java:45)
	at com.naiofy.albums_shop.questions.login.LoginQuestions.verifyInvalidEmail(LoginQuestions.java:24)
	at com.naiofy.albums_shop.questions.login.LoginQuestions$ByteBuddy$LIlOUQNb.verifyInvalidEmail$accessor$01ehAcxN(Unknown Source)
	at sun.reflect.NativeMethodAccessorImpl.invoke0(Native Method)
	at sun.reflect.NativeMethodAccessorImpl.invoke(NativeMethodAccessorImpl.java:62)
	at sun.reflect.DelegatingMethodAccessorImpl.invoke(DelegatingMethodAccessorImpl.java:43)
	at java.lang.reflect.Method.invoke(Method.java:498)
	at net.thucydides.core.steps.StepInterceptor.invokeMethod(StepInterceptor.java:471)
	at net.thucydides.core.steps.StepInterceptor.executeTestStepMethod(StepInterceptor.java:451)
	at net.thucydides.core.steps.StepInterceptor.runTestStep(StepInterceptor.java:424)
	at net.thucydides.core.steps.StepInterceptor.runOrSkipMethod(StepInterceptor.java:180)
	at net.thucydides.core.steps.StepInterceptor.testStepResult(StepInterceptor.java:167)
	at net.thucydides.core.steps.StepInterceptor.intercept(StepInterceptor.java:75)
	at com.naiofy.albums_shop.questions.login.LoginQuestions$ByteBuddy$LIlOUQNb.verifyInvalidEmail(Unknown Source)
	at com.naiofy.albums_shop.stepdefinitions.LoginStepdefs.theWebServiceWillRespondWithAValidationErrorOfInvalidEmail(LoginStepdefs.java:71)
	at ?.the web service will respond with a validation error of invalid email(src/test/resources/features/registration.feature:12)

net.serenitybdd.core.exceptions.SerenityManagedException: expected:<...ust be @wolox.com.ar[]"> but was:<...ust be @wolox.com.ar[. Password format invalid]">
	at sun.reflect.NativeConstructorAccessorImpl.newInstance0(Native Method)
	at sun.reflect.NativeConstructorAccessorImpl.newInstance(NativeConstructorAccessorImpl.java:62)
	at sun.reflect.DelegatingConstructorAccessorImpl.newInstance(DelegatingConstructorAccessorImpl.java:45)
	at com.naiofy.albums_shop.questions.login.LoginQuestions.verifyNonAcceptedEmail(LoginQuestions.java:31)
	at com.naiofy.albums_shop.questions.login.LoginQuestions$ByteBuddy$Q25XJYqJ.verifyNonAcceptedEmail$accessor$2cxfD7N8(Unknown Source)
	at sun.reflect.NativeMethodAccessorImpl.invoke0(Native Method)
	at sun.reflect.NativeMethodAccessorImpl.invoke(NativeMethodAccessorImpl.java:62)
	at sun.reflect.DelegatingMethodAccessorImpl.invoke(DelegatingMethodAccessorImpl.java:43)
	at java.lang.reflect.Method.invoke(Method.java:498)
	at net.thucydides.core.steps.BaseMethodRunner.invokeMethod(BaseMethodRunner.java:18)
	at net.thucydides.core.steps.NormalMethodRunner.invokeMethodAndNotifyFailures(NormalMethodRunner.java:18)
	at net.thucydides.core.steps.StepInterceptor.runNormalMethod(StepInterceptor.java:377)
	at net.thucydides.core.steps.StepInterceptor.testStepResult(StepInterceptor.java:162)
	at net.thucydides.core.steps.StepInterceptor.intercept(StepInterceptor.java:75)
	at com.naiofy.albums_shop.questions.login.LoginQuestions$ByteBuddy$Q25XJYqJ.verifyNonAcceptedEmail(Unknown Source)
	at com.naiofy.albums_shop.stepdefinitions.LoginStepdefs.theWebServiceWillRespondWithAValidationErrorOfIncorrectDomainEmail(LoginStepdefs.java:82)
	at ?.the web service will respond with a validation error of incorrect domain email(src/test/resources/features/registration.feature:17)

java.lang.AssertionError: 
Expecting:
  201
not to be equal to:
  201

	at com.naiofy.albums_shop.questions.CommonQuestions.responseCodeNotIs(CommonQuestions.java:18)
	at com.naiofy.albums_shop.questions.CommonQuestions$ByteBuddy$U7A3mybG.responseCodeNotIs$accessor$eQDUVV7Z(Unknown Source)
	at sun.reflect.NativeMethodAccessorImpl.invoke0(Native Method)
	at sun.reflect.NativeMethodAccessorImpl.invoke(NativeMethodAccessorImpl.java:62)
	at sun.reflect.DelegatingMethodAccessorImpl.invoke(DelegatingMethodAccessorImpl.java:43)
	at java.lang.reflect.Method.invoke(Method.java:498)
	at net.thucydides.core.steps.StepInterceptor.invokeMethod(StepInterceptor.java:471)
	at net.thucydides.core.steps.StepInterceptor.executeTestStepMethod(StepInterceptor.java:451)
	at net.thucydides.core.steps.StepInterceptor.runTestStep(StepInterceptor.java:424)
	at net.thucydides.core.steps.StepInterceptor.runOrSkipMethod(StepInterceptor.java:180)
	at net.thucydides.core.steps.StepInterceptor.testStepResult(StepInterceptor.java:167)
	at net.thucydides.core.steps.StepInterceptor.intercept(StepInterceptor.java:75)
	at com.naiofy.albums_shop.questions.CommonQuestions$ByteBuddy$U7A3mybG.responseCodeNotIs(Unknown Source)
	at com.naiofy.albums_shop.stepdefinitions.RegistrationStepdefs.theWebServiceWillRespondWithAValidationErrorOfInvalidName(RegistrationStepdefs.java:111)
	at ?.the web service will respond with a validation error(src/test/resources/features/registration.feature:22)

java.lang.AssertionError: 
Expecting:
  201
not to be equal to:
  201

	at com.naiofy.albums_shop.questions.CommonQuestions.responseCodeNotIs(CommonQuestions.java:18)
	at com.naiofy.albums_shop.questions.CommonQuestions$ByteBuddy$E4fNWtQI.responseCodeNotIs$accessor$HWl54VmU(Unknown Source)
	at sun.reflect.NativeMethodAccessorImpl.invoke0(Native Method)
	at sun.reflect.NativeMethodAccessorImpl.invoke(NativeMethodAccessorImpl.java:62)
	at sun.reflect.DelegatingMethodAccessorImpl.invoke(DelegatingMethodAccessorImpl.java:43)
	at java.lang.reflect.Method.invoke(Method.java:498)
	at net.thucydides.core.steps.StepInterceptor.invokeMethod(StepInterceptor.java:471)
	at net.thucydides.core.steps.StepInterceptor.executeTestStepMethod(StepInterceptor.java:451)
	at net.thucydides.core.steps.StepInterceptor.runTestStep(StepInterceptor.java:424)
	at net.thucydides.core.steps.StepInterceptor.runOrSkipMethod(StepInterceptor.java:180)
	at net.thucydides.core.steps.StepInterceptor.testStepResult(StepInterceptor.java:167)
	at net.thucydides.core.steps.StepInterceptor.intercept(StepInterceptor.java:75)
	at com.naiofy.albums_shop.questions.CommonQuestions$ByteBuddy$E4fNWtQI.responseCodeNotIs(Unknown Source)
	at com.naiofy.albums_shop.stepdefinitions.RegistrationStepdefs.theWebServiceWillRespondWithAValidationErrorOfInvalidName(RegistrationStepdefs.java:111)
	at ?.the web service will respond with a validation error(src/test/resources/features/registration.feature:27)

java.lang.AssertionError: 
Expecting:
  201
not to be equal to:
  201

	at com.naiofy.albums_shop.questions.CommonQuestions.responseCodeNotIs(CommonQuestions.java:18)
	at com.naiofy.albums_shop.questions.CommonQuestions$ByteBuddy$jaofMycg.responseCodeNotIs$accessor$5r7DBM9H(Unknown Source)
	at sun.reflect.NativeMethodAccessorImpl.invoke0(Native Method)
	at sun.reflect.NativeMethodAccessorImpl.invoke(NativeMethodAccessorImpl.java:62)
	at sun.reflect.DelegatingMethodAccessorImpl.invoke(DelegatingMethodAccessorImpl.java:43)
	at java.lang.reflect.Method.invoke(Method.java:498)
	at net.thucydides.core.steps.StepInterceptor.invokeMethod(StepInterceptor.java:471)
	at net.thucydides.core.steps.StepInterceptor.executeTestStepMethod(StepInterceptor.java:451)
	at net.thucydides.core.steps.StepInterceptor.runTestStep(StepInterceptor.java:424)
	at net.thucydides.core.steps.StepInterceptor.runOrSkipMethod(StepInterceptor.java:180)
	at net.thucydides.core.steps.StepInterceptor.testStepResult(StepInterceptor.java:167)
	at net.thucydides.core.steps.StepInterceptor.intercept(StepInterceptor.java:75)
	at com.naiofy.albums_shop.questions.CommonQuestions$ByteBuddy$jaofMycg.responseCodeNotIs(Unknown Source)
	at com.naiofy.albums_shop.stepdefinitions.RegistrationStepdefs.theWebServiceWillRespondWithAValidationErrorOfInvalidName(RegistrationStepdefs.java:111)
	at ?.the web service will respond with a validation error(src/test/resources/features/registration.feature:32)

]]></system-out>
  <system-err><![CDATA[]]></system-err>
</testsuite>
